0 info it worked if it ends with ok
1 verbose cli [ 'c:\\Program Files\\nodejs\\node.exe',
1 verbose cli   'c:\\Program Files\\nodejs\\node_modules\\npm\\bin\\npm-cli.js',
1 verbose cli   'install',
1 verbose cli   'wire@17.1',
1 verbose cli   '--save-dev' ]
2 info using npm@1.3.8
3 info using node@v0.10.18
4 warn package.json shcare.dataservice@0.0.1 No description
5 warn package.json shcare.dataservice@0.0.1 No repository field.
6 warn package.json shcare.dataservice@0.0.1 No README data
7 verbose readDependencies using package.json deps
8 verbose cache add [ 'wire@17.1', null ]
9 verbose cache add name=undefined spec="wire@17.1" args=["wire@17.1",null]
10 verbose parsed url { protocol: null,
10 verbose parsed url   slashes: null,
10 verbose parsed url   auth: null,
10 verbose parsed url   host: null,
10 verbose parsed url   port: null,
10 verbose parsed url   hostname: null,
10 verbose parsed url   hash: null,
10 verbose parsed url   search: null,
10 verbose parsed url   query: null,
10 verbose parsed url   pathname: 'wire@17.1',
10 verbose parsed url   path: 'wire@17.1',
10 verbose parsed url   href: 'wire@17.1' }
11 verbose cache add name="wire" spec="17.1" args=["wire","17.1"]
12 verbose parsed url { protocol: null,
12 verbose parsed url   slashes: null,
12 verbose parsed url   auth: null,
12 verbose parsed url   host: null,
12 verbose parsed url   port: null,
12 verbose parsed url   hostname: null,
12 verbose parsed url   hash: null,
12 verbose parsed url   search: null,
12 verbose parsed url   query: null,
12 verbose parsed url   pathname: '17.1',
12 verbose parsed url   path: '17.1',
12 verbose parsed url   href: '17.1' }
13 verbose addNamed [ 'wire', '17.1' ]
14 verbose addNamed [ null, '>=17.1.0-0 <17.2.0-0' ]
15 silly lockFile 2ca6c106-wire-17-1 wire@17.1
16 verbose lock wire@17.1 C:\Users\Bruentje\AppData\Roaming\npm-cache\2ca6c106-wire-17-1.lock
17 silly addNameRange { name: 'wire', range: '>=17.1.0-0 <17.2.0-0', hasData: false }
18 verbose url raw wire
19 verbose url resolving [ 'https://registry.npmjs.org/', './wire' ]
20 verbose url resolved https://registry.npmjs.org/wire
21 info trying registry request attempt 1 at 20:42:59
22 verbose etag "P1WRUI9ERGXD3FHZAAUWCG9Z"
23 http GET https://registry.npmjs.org/wire
24 http 304 https://registry.npmjs.org/wire
25 silly registry.get cb [ 304,
25 silly registry.get   { server: 'CouchDB/1.3.1 (Erlang OTP/R15B03)',
25 silly registry.get     etag: '"P1WRUI9ERGXD3FHZAAUWCG9Z"',
25 silly registry.get     date: 'Sun, 03 Nov 2013 19:43:11 GMT',
25 silly registry.get     'content-length': '0' } ]
26 verbose etag wire from cache
27 silly addNameRange number 2 { name: 'wire', range: '>=17.1.0-0 <17.2.0-0', hasData: true }
28 silly addNameRange versions [ 'wire',
28 silly addNameRange   [ '0.8.1',
28 silly addNameRange     '0.8.2',
28 silly addNameRange     '0.9.0',
28 silly addNameRange     '0.9.1',
28 silly addNameRange     '0.9.2',
28 silly addNameRange     '0.9.3',
28 silly addNameRange     '0.9.4',
28 silly addNameRange     '0.10.0',
28 silly addNameRange     '0.10.1',
28 silly addNameRange     '0.10.2' ] ]
29 silly lockFile 2ca6c106-wire-17-1 wire@17.1
30 silly lockFile 2ca6c106-wire-17-1 wire@17.1
31 error Error: No compatible version found: wire@'>=17.1.0-0 <17.2.0-0'
31 error Valid install targets:
31 error ["0.8.1","0.8.2","0.9.0","0.9.1","0.9.2","0.9.3","0.9.4","0.10.0","0.10.1","0.10.2"]
31 error     at installTargetsError (c:\Program Files\nodejs\node_modules\npm\lib\cache.js:719:10)
31 error     at next (c:\Program Files\nodejs\node_modules\npm\lib\cache.js:698:17)
31 error     at c:\Program Files\nodejs\node_modules\npm\lib\cache.js:675:5
31 error     at saved (c:\Program Files\nodejs\node_modules\npm\node_modules\npm-registry-client\lib\get.js:142:7)
31 error     at c:\Program Files\nodejs\node_modules\npm\node_modules\graceful-fs\polyfills.js:133:7
31 error     at Object.oncomplete (fs.js:107:15)
32 error If you need help, you may report this log at:
32 error     <http://github.com/isaacs/npm/issues>
32 error or email it to:
32 error     <npm-@googlegroups.com>
33 error System Windows_NT 6.1.7601
34 error command "c:\\Program Files\\nodejs\\node.exe" "c:\\Program Files\\nodejs\\node_modules\\npm\\bin\\npm-cli.js" "install" "wire@17.1" "--save-dev"
35 error cwd c:\git\shcare.dataservice
36 error node -v v0.10.18
37 error npm -v 1.3.8
38 verbose exit [ 1, true ]
